d:\005coding\3dhistechhomework\imageprocessor\x64\debug\imageprocessor.pch
d:\005coding\3dhistechhomework\imageprocessor\x64\debug\vc145.pdb
d:\005coding\3dhistechhomework\imageprocessor\x64\debug\vc145.idb
d:\005coding\3dhistechhomework\imageprocessor\x64\debug\pch.obj
d:\005coding\3dhistechhomework\imageprocessor\x64\debug\dllmain.obj
d:\005coding\3dhistechhomework\x64\debug\imageprocessor.lib
d:\005coding\3dhistechhomework\x64\debug\imageprocessor.exp
d:\005coding\3dhistechhomework\imageprocessor\x64\debug\imageprocessor.ilk
d:\005coding\3dhistechhomework\x64\debug\imageprocessor.pdb
d:\005coding\3dhistechhomework\imageprocessor\x64\debug\imageprocessor.tlog\cl.command.1.tlog
d:\005coding\3dhistechhomework\imageprocessor\x64\debug\imageprocessor.tlog\cl.items.tlog
d:\005coding\3dhistechhomework\imageprocessor\x64\debug\imageprocessor.tlog\cl.read.1.tlog
d:\005coding\3dhistechhomework\imageprocessor\x64\debug\imageprocessor.tlog\cl.write.1.tlog
d:\005coding\3dhistechhomework\imageprocessor\x64\debug\imageprocessor.tlog\link-cvtres.read.1.tlog
d:\005coding\3dhistechhomework\imageprocessor\x64\debug\imageprocessor.tlog\link-cvtres.write.1.tlog
d:\005coding\3dhistechhomework\imageprocessor\x64\debug\imageprocessor.tlog\link-rc.read.1.tlog
d:\005coding\3dhistechhomework\imageprocessor\x64\debug\imageprocessor.tlog\link-rc.write.1.tlog
d:\005coding\3dhistechhomework\imageprocessor\x64\debug\imageprocessor.tlog\link.21148-cvtres.read.1.tlog
d:\005coding\3dhistechhomework\imageprocessor\x64\debug\imageprocessor.tlog\link.21148-cvtres.write.1.tlog
d:\005coding\3dhistechhomework\imageprocessor\x64\debug\imageprocessor.tlog\link.21148-rc.read.1.tlog
d:\005coding\3dhistechhomework\imageprocessor\x64\debug\imageprocessor.tlog\link.21148-rc.write.1.tlog
d:\005coding\3dhistechhomework\imageprocessor\x64\debug\imageprocessor.tlog\link.21148.read.1.tlog
d:\005coding\3dhistechhomework\imageprocessor\x64\debug\imageprocessor.tlog\link.21148.read.2.tlog
d:\005coding\3dhistechhomework\imageprocessor\x64\debug\imageprocessor.tlog\link.21148.write.1.tlog
d:\005coding\3dhistechhomework\imageprocessor\x64\debug\imageprocessor.tlog\link.command.1.tlog
d:\005coding\3dhistechhomework\imageprocessor\x64\debug\imageprocessor.tlog\link.read.1.tlog
d:\005coding\3dhistechhomework\imageprocessor\x64\debug\imageprocessor.tlog\link.read.2.tlog
d:\005coding\3dhistechhomework\imageprocessor\x64\debug\imageprocessor.tlog\link.secondary.1.tlog
d:\005coding\3dhistechhomework\imageprocessor\x64\debug\imageprocessor.tlog\link.write.1.tlog
